<?xml version="1.0" encoding="UTF-8"?>
<testsuite name="com.equipazo.domain.TeamTest" tests="1" skipped="0" failures="0" errors="0" timestamp="2020-10-27T10:58:07" hostname="taloMac" time="0.005">
  <properties/>
  <testcase name="depositSuccess()" classname="com.equipazo.domain.TeamTest" time="0.005"/>
  <system-out><![CDATA[]]></system-out>
  <system-err><![CDATA[]]></system-err>
</testsuite>
