<?xml version="1.0" encoding="UTF-8"?>
<testsuite name="com.equipazo.adapters.rest.SaveTeamControllerTest" tests="1" skipped="0" failures="0" errors="0" timestamp="2020-09-08T11:49:50" hostname="taloMac" time="0.168">
  <properties/>
  <testcase name="testSaveTeam()" classname="com.equipazo.adapters.rest.SaveTeamControllerTest" time="0.168"/>
  <system-out><![CDATA[21:49:48.584 [Test worker] DEBUG org.springframework.test.context.BootstrapUtils - Instantiating CacheAwareContextLoaderDelegate from class [org.springframework.test.context.cache.DefaultCacheAwareContextLoaderDelegate]
21:49:48.598 [Test worker] DEBUG org.springframework.test.context.BootstrapUtils - Instantiating BootstrapContext using constructor [public org.springframework.test.context.support.DefaultBootstrapContext(java.lang.Class,org.springframework.test.context.CacheAwareContextLoaderDelegate)]
21:49:48.615 [Test worker] DEBUG org.springframework.test.context.BootstrapUtils - Instantiating TestContextBootstrapper for test class [com.equipazo.adapters.rest.SaveTeamControllerTest] from class [org.springframework.boot.test.autoconfigure.web.servlet.WebMvcTestContextBootstrapper]
21:49:48.623 [Test worker] INFO org.springframework.boot.test.autoconfigure.web.servlet.WebMvcTestContextBootstrapper - Neither @ContextConfiguration nor @ContextHierarchy found for test class [com.equipazo.adapters.rest.SaveTeamControllerTest], using SpringBootContextLoader
21:49:48.625 [Test worker] DEBUG org.springframework.test.context.support.AbstractContextLoader - Did not detect default resource location for test class [com.equipazo.adapters.rest.SaveTeamControllerTest]: class path resource [com/equipazo/adapters/rest/SaveTeamControllerTest-context.xml] does not exist
21:49:48.626 [Test worker] DEBUG org.springframework.test.context.support.AbstractContextLoader - Did not detect default resource location for test class [com.equipazo.adapters.rest.SaveTeamControllerTest]: class path resource [com/equipazo/adapters/rest/SaveTeamControllerTestContext.groovy] does not exist
21:49:48.626 [Test worker] INFO org.springframework.test.context.support.AbstractContextLoader - Could not detect default resource locations for test class [com.equipazo.adapters.rest.SaveTeamControllerTest]: no resource found for suffixes {-context.xml, Context.groovy}.
21:49:48.631 [Test worker] INFO org.springframework.test.context.support.AnnotationConfigContextLoaderUtils - Could not detect default configuration classes for test class [com.equipazo.adapters.rest.SaveTeamControllerTest]: SaveTeamControllerTest does not declare any static, non-private, non-final, nested classes annotated with @Configuration.
21:49:48.700 [Test worker] DEBUG org.springframework.test.context.support.ActiveProfilesUtils - Could not find an 'annotation declaring class' for annotation type [org.springframework.test.context.ActiveProfiles] and class [com.equipazo.adapters.rest.SaveTeamControllerTest]
21:49:48.736 [Test worker] DEBUG org.springframework.context.annotation.ClassPathScanningCandidateComponentProvider - Identified candidate component class: file [/Users/gurroz/Workspace/equipazo-backend/adapters/rest/build/classes/java/test/com/equipazo/adapters/rest/TestApplication.class]
21:49:48.741 [Test worker] INFO org.springframework.boot.test.context.SpringBootTestContextBootstrapper - Found @SpringBootConfiguration com.equipazo.adapters.rest.TestApplication for test class com.equipazo.adapters.rest.SaveTeamControllerTest
21:49:48.743 [Test worker] DEBUG org.springframework.boot.test.autoconfigure.web.servlet.WebMvcTestContextBootstrapper - @TestExecutionListeners is not present for class [com.equipazo.adapters.rest.SaveTeamControllerTest]: using defaults.
21:49:48.744 [Test worker] INFO org.springframework.boot.test.autoconfigure.web.servlet.WebMvcTestContextBootstrapper - Loaded default TestExecutionListener class names from location [META-INF/spring.factories]: [org.springframework.boot.test.autoconfigure.restdocs.RestDocsTestExecutionListener, org.springframework.boot.test.autoconfigure.web.client.MockRestServiceServerResetTestExecutionListener, org.springframework.boot.test.autoconfigure.web.servlet.MockMvcPrintOnlyOnFailureTestExecutionListener, org.springframework.boot.test.autoconfigure.web.servlet.WebDriverTestExecutionListener, org.springframework.boot.test.mock.mockito.MockitoTestExecutionListener, org.springframework.boot.test.mock.mockito.ResetMocksTestExecutionListener, org.springframework.test.context.web.ServletTestExecutionListener, org.springframework.test.context.support.DirtiesContextBeforeModesTestExecutionListener, org.springframework.test.context.support.DependencyInjectionTestExecutionListener, org.springframework.test.context.support.DirtiesContextTestExecutionListener, org.springframework.test.context.transaction.TransactionalTestExecutionListener, org.springframework.test.context.jdbc.SqlScriptsTestExecutionListener]
21:49:48.751 [Test worker] DEBUG org.springframework.boot.test.autoconfigure.web.servlet.WebMvcTestContextBootstrapper - Skipping candidate TestExecutionListener [org.springframework.test.context.transaction.TransactionalTestExecutionListener] due to a missing dependency. Specify custom listener classes or make the default listener classes and their required dependencies available. Offending class: [org/springframework/transaction/interceptor/TransactionAttributeSource]
21:49:48.751 [Test worker] DEBUG org.springframework.boot.test.autoconfigure.web.servlet.WebMvcTestContextBootstrapper - Skipping candidate TestExecutionListener [org.springframework.test.context.jdbc.SqlScriptsTestExecutionListener] due to a missing dependency. Specify custom listener classes or make the default listener classes and their required dependencies available. Offending class: [org/springframework/transaction/interceptor/TransactionAttribute]
21:49:48.752 [Test worker] INFO org.springframework.boot.test.autoconfigure.web.servlet.WebMvcTestContextBootstrapper - Using TestExecutionListeners: [org.springframework.test.context.web.ServletTestExecutionListener@9c74a44, org.springframework.test.context.support.DirtiesContextBeforeModesTestExecutionListener@35bce17f, org.springframework.boot.test.mock.mockito.MockitoTestExecutionListener@62309fa, org.springframework.boot.test.autoconfigure.SpringBootDependencyInjectionTestExecutionListener@64610fa5, org.springframework.test.context.support.DirtiesContextTestExecutionListener@57c7ec07, org.springframework.boot.test.autoconfigure.restdocs.RestDocsTestExecutionListener@5a25899, org.springframework.boot.test.autoconfigure.web.client.MockRestServiceServerResetTestExecutionListener@1b50ed0e, org.springframework.boot.test.autoconfigure.web.servlet.MockMvcPrintOnlyOnFailureTestExecutionListener@77a0c5e6, org.springframework.boot.test.autoconfigure.web.servlet.WebDriverTestExecutionListener@1fefb8c1, org.springframework.boot.test.mock.mockito.ResetMocksTestExecutionListener@89e5d35]
21:49:48.757 [Test worker] DEBUG org.springframework.test.context.support.AbstractDirtiesContextTestExecutionListener - Before test class: context [DefaultTestContext@16335908 testClass = SaveTeamControllerTest, testInstance = [null], testMethod = [null], testException = [null], mergedContextConfiguration = [WebMergedContextConfiguration@4c0a1fdb testClass = SaveTeamControllerTest, locations = '{}', classes = '{class com.equipazo.adapters.rest.TestApplication}', contextInitializerClasses = '[]', activeProfiles = '{}', propertySourceLocations = '{}', propertySourceProperties = '{org.springframework.boot.test.autoconfigure.web.servlet.WebMvcTestContextBootstrapper=true}', contextCustomizers = set[de.adesso.junitinsights.spring.BenchmarkContextCustomizerFactory$createContextCustomizer$1@478e01f0, org.springframework.boot.test.autoconfigure.OverrideAutoConfigurationContextCustomizerFactory$DisableAutoConfigurationContextCustomizer@2d791ec1, org.springframework.boot.test.autoconfigure.filter.TypeExcludeFiltersContextCustomizer@48ef7f48, org.springframework.boot.test.autoconfigure.properties.PropertyMappingContextCustomizer@f75ac100, org.springframework.boot.test.autoconfigure.web.servlet.WebDriverContextCustomizerFactory$Customizer@15cb7889, [ImportsContextCustomizer@4e09091f key = [org.springframework.boot.autoconfigure.cache.CacheAutoConfiguration, org.springframework.boot.autoconfigure.context.MessageSourceAutoConfiguration, org.springframework.boot.autoconfigure.data.web.SpringDataWebAutoConfiguration, org.springframework.boot.autoconfigure.freemarker.FreeMarkerAutoConfiguration, org.springframework.boot.autoconfigure.groovy.template.GroovyTemplateAutoConfiguration, org.springframework.boot.autoconfigure.gson.GsonAutoConfiguration, org.springframework.boot.autoconfigure.hateoas.HypermediaAutoConfiguration, org.springframework.boot.autoconfigure.http.HttpMessageConvertersAutoConfiguration, org.springframework.boot.autoconfigure.jackson.JacksonAutoConfiguration, org.springframework.boot.autoconfigure.jsonb.JsonbAutoConfiguration, org.springframework.boot.autoconfigure.mustache.MustacheAutoConfiguration, org.springframework.boot.autoconfigure.task.TaskExecutionAutoConfiguration, org.springframework.boot.autoconfigure.thymeleaf.ThymeleafAutoConfiguration, org.springframework.boot.autoconfigure.validation.ValidationAutoConfiguration, org.springframework.boot.autoconfigure.web.servlet.error.ErrorMvcAutoConfiguration, org.springframework.boot.autoconfigure.web.servlet.WebMvcAutoConfiguration, org.springframework.boot.test.autoconfigure.web.servlet.MockMvcAutoConfiguration, org.springframework.boot.test.autoconfigure.web.servlet.MockMvcSecurityAutoConfiguration, org.springframework.boot.test.autoconfigure.web.servlet.MockMvcWebClientAutoConfiguration, org.springframework.boot.test.autoconfigure.web.servlet.MockMvcWebDriverAutoConfiguration]], org.springframework.boot.test.context.filter.ExcludeFilterContextCustomizer@1c94de9a, org.springframework.boot.test.json.DuplicateJsonObjectContextCustomizerFactory$DuplicateJsonObjectContextCustomizer@5d62cc97, org.springframework.boot.test.mock.mockito.MockitoContextCustomizer@47af27a3], resourceBasePath = 'src/main/webapp', contextLoader = 'org.springframework.boot.test.context.SpringBootContextLoader', parent = [null]], attributes = map[[empty]]], class annotated with @DirtiesContext [false] with mode [null].
21:49:48.862 [Test worker] DEBUG org.springframework.test.context.support.TestPropertySourceUtils - Adding inlined properties to environment: {spring.jmx.enabled=false, org.springframework.boot.test.autoconfigure.web.servlet.WebMvcTestContextBootstrapper=true, server.port=-1}

  .   ____          _            __ _ _
 /\\ / ___'_ __ _ _(_)_ __  __ _ \ \ \ \
( ( )\___ | '_ | '_| | '_ \/ _` | \ \ \ \
 \\/  ___)| |_)| | | | | || (_| |  ) ) ) )
  '  |____| .__|_| |_|_| |_\__, | / / / /
 =========|_|==============|___/=/_/_/_/
 :: Spring Boot ::        (v2.1.9.RELEASE)

2020-09-08 21:49:49.105  INFO 42722 --- [    Test worker] c.e.a.rest.SaveTeamControllerTest        : Starting SaveTeamControllerTest on taloMac with PID 42722 (started by gurroz in /Users/gurroz/Workspace/equipazo-backend/adapters/rest)
2020-09-08 21:49:49.109  INFO 42722 --- [    Test worker] c.e.a.rest.SaveTeamControllerTest        : No active profile set, falling back to default profiles: default
2020-09-08 21:49:49.434  WARN 42722 --- [kground-preinit] o.s.h.c.j.Jackson2ObjectMapperBuilder    : For Jackson Kotlin classes support please add "com.fasterxml.jackson.module:jackson-module-kotlin" to the classpath
2020-09-08 21:49:50.558  INFO 42722 --- [    Test worker] o.s.s.concurrent.ThreadPoolTaskExecutor  : Initializing ExecutorService 'applicationTaskExecutor'
2020-09-08 21:49:50.807  INFO 42722 --- [    Test worker] o.s.b.t.m.w.SpringBootMockServletContext : Initializing Spring TestDispatcherServlet ''
2020-09-08 21:49:50.807  INFO 42722 --- [    Test worker] o.s.t.web.servlet.TestDispatcherServlet  : Initializing Servlet ''
2020-09-08 21:49:50.819  INFO 42722 --- [    Test worker] o.s.t.web.servlet.TestDispatcherServlet  : Completed initialization in 12 ms
2020-09-08 21:49:50.863  INFO 42722 --- [    Test worker] c.e.a.rest.SaveTeamControllerTest        : Started SaveTeamControllerTest in 1.993 seconds (JVM running for 2.971)
]]></system-out>
  <system-err><![CDATA[]]></system-err>
</testsuite>
