<?xml version="1.0" encoding="UTF-8"?>
<testsuite name="com.equipazo.adapter.persistence.TeamPersistenceAdapterTest" tests="1" skipped="0" failures="0" errors="0" timestamp="2020-10-27T10:58:17" hostname="taloMac" time="0.047">
  <properties/>
  <testcase name="saveTeam()" classname="com.equipazo.adapter.persistence.TeamPersistenceAdapterTest" time="0.047"/>
  <system-out><![CDATA[2020-10-27 21:58:17.166  INFO 97938 --- [    Test worker] b.t.a.o.j.DataJpaTestContextBootstrapper : Neither @ContextConfiguration nor @ContextHierarchy found for test class [com.equipazo.adapter.persistence.TeamPersistenceAdapterTest], using SpringBootContextLoader
2020-10-27 21:58:17.168  INFO 97938 --- [    Test worker] o.s.t.c.support.AbstractContextLoader    : Could not detect default resource locations for test class [com.equipazo.adapter.persistence.TeamPersistenceAdapterTest]: no resource found for suffixes {-context.xml, Context.groovy}.
2020-10-27 21:58:17.169  INFO 97938 --- [    Test worker] t.c.s.AnnotationConfigContextLoaderUtils : Could not detect default configuration classes for test class [com.equipazo.adapter.persistence.TeamPersistenceAdapterTest]: TeamPersistenceAdapterTest does not declare any static, non-private, non-final, nested classes annotated with @Configuration.
2020-10-27 21:58:17.173  INFO 97938 --- [    Test worker] .b.t.c.SpringBootTestContextBootstrapper : Found @SpringBootConfiguration com.equipazo.adapter.persistence.TestApplication for test class com.equipazo.adapter.persistence.TeamPersistenceAdapterTest
2020-10-27 21:58:17.174  INFO 97938 --- [    Test worker] b.t.a.o.j.DataJpaTestContextBootstrapper : Loaded default TestExecutionListener class names from location [META-INF/spring.factories]: [org.springframework.boot.test.autoconfigure.restdocs.RestDocsTestExecutionListener, org.springframework.boot.test.autoconfigure.web.client.MockRestServiceServerResetTestExecutionListener, org.springframework.boot.test.autoconfigure.web.servlet.MockMvcPrintOnlyOnFailureTestExecutionListener, org.springframework.boot.test.autoconfigure.web.servlet.WebDriverTestExecutionListener, org.springframework.boot.test.mock.mockito.MockitoTestExecutionListener, org.springframework.boot.test.mock.mockito.ResetMocksTestExecutionListener, org.springframework.test.context.web.ServletTestExecutionListener, org.springframework.test.context.support.DirtiesContextBeforeModesTestExecutionListener, org.springframework.test.context.support.DependencyInjectionTestExecutionListener, org.springframework.test.context.support.DirtiesContextTestExecutionListener, org.springframework.test.context.transaction.TransactionalTestExecutionListener, org.springframework.test.context.jdbc.SqlScriptsTestExecutionListener]
2020-10-27 21:58:17.175  INFO 97938 --- [    Test worker] b.t.a.o.j.DataJpaTestContextBootstrapper : Using TestExecutionListeners: [org.springframework.test.context.web.ServletTestExecutionListener@343691e0, org.springframework.test.context.support.DirtiesContextBeforeModesTestExecutionListener@3a0fa8a0, org.springframework.boot.test.mock.mockito.MockitoTestExecutionListener@6850c65b, org.springframework.boot.test.autoconfigure.SpringBootDependencyInjectionTestExecutionListener@32ff8652, org.springframework.test.context.support.DirtiesContextTestExecutionListener@3246b87c, org.springframework.test.context.transaction.TransactionalTestExecutionListener@754b4c3c, org.springframework.test.context.jdbc.SqlScriptsTestExecutionListener@1b472ed0, org.springframework.boot.test.autoconfigure.restdocs.RestDocsTestExecutionListener@55c4e6fc, org.springframework.boot.test.autoconfigure.web.client.MockRestServiceServerResetTestExecutionListener@52c62160, org.springframework.boot.test.autoconfigure.web.servlet.MockMvcPrintOnlyOnFailureTestExecutionListener@7d43ada8, org.springframework.boot.test.autoconfigure.web.servlet.WebDriverTestExecutionListener@5fd02d7e, org.springframework.boot.test.mock.mockito.ResetMocksTestExecutionListener@2dd1d37e]

  .   ____          _            __ _ _
 /\\ / ___'_ __ _ _(_)_ __  __ _ \ \ \ \
( ( )\___ | '_ | '_| | '_ \/ _` | \ \ \ \
 \\/  ___)| |_)| | | | | || (_| |  ) ) ) )
  '  |____| .__|_| |_|_| |_\__, | / / / /
 =========|_|==============|___/=/_/_/_/
 :: Spring Boot ::        (v2.1.9.RELEASE)

2020-10-27 21:58:17.192  INFO 97938 --- [    Test worker] c.e.a.p.TeamPersistenceAdapterTest       : Starting TeamPersistenceAdapterTest on taloMac with PID 97938 (started by gurroz in /Users/gurroz/Workspace/equipazo-backend/adapters/persistence)
2020-10-27 21:58:17.193  INFO 97938 --- [    Test worker] c.e.a.p.TeamPersistenceAdapterTest       : No active profile set, falling back to default profiles: default
2020-10-27 21:58:17.272  INFO 97938 --- [    Test worker] .s.d.r.c.RepositoryConfigurationDelegate : Bootstrapping Spring Data repositories in DEFAULT mode.
2020-10-27 21:58:17.283  INFO 97938 --- [    Test worker] .s.d.r.c.RepositoryConfigurationDelegate : Finished Spring Data repository scanning in 10ms. Found 3 repository interfaces.
2020-10-27 21:58:17.292  INFO 97938 --- [    Test worker] beddedDataSourceBeanFactoryPostProcessor : Replacing 'dataSource' DataSource bean with embedded version
2020-10-27 21:58:17.314  INFO 97938 --- [    Test worker] o.s.j.d.e.EmbeddedDatabaseFactory        : Starting embedded database: url='jdbc:h2:mem:d3ddddab-f959-44dc-a361-2ae7a36d0abb;DB_CLOSE_DELAY=-1;DB_CLOSE_ON_EXIT=false', username='sa'
2020-10-27 21:58:17.408  INFO 97938 --- [    Test worker] o.hibernate.jpa.internal.util.LogHelper  : HHH000204: Processing PersistenceUnitInfo [
	name: default
	...]
2020-10-27 21:58:17.414  INFO 97938 --- [    Test worker] org.hibernate.dialect.Dialect            : HHH000400: Using dialect: org.hibernate.dialect.H2Dialect
Hibernate: drop table team if exists
Hibernate: drop table team_member if exists
Hibernate: drop table user if exists
Hibernate: drop sequence if exists hibernate_sequence
Hibernate: create sequence hibernate_sequence start with 1 increment by 1
Hibernate: create table team (id bigint not null, emblem varchar(255), name varchar(255) not null, primary key (id))
Hibernate: create table team_member (image varchar(255), user_id bigint not null, team_id bigint not null, primary key (team_id, user_id))
Hibernate: create table user (id bigint not null, mobile varchar(255), name varchar(255), primary key (id))
Hibernate: alter table team add constraint UK_g2l9qqsoeuynt4r5ofdt1x2td unique (name)
Hibernate: alter table team_member add constraint FKg24qjftfifisxhilscl0vmrb1 foreign key (user_id) references user
Hibernate: alter table team_member add constraint FK9ubp79ei4tv4crd0r9n7u5i6e foreign key (team_id) references team
2020-10-27 21:58:17.457  INFO 97938 --- [    Test worker] o.h.t.schema.internal.SchemaCreatorImpl  : HHH000476: Executing import script 'org.hibernate.tool.schema.internal.exec.ScriptSourceInputNonExistentImpl@1fb8b070'
2020-10-27 21:58:17.458  INFO 97938 --- [    Test worker] j.LocalContainerEntityManagerFactoryBean : Initialized JPA EntityManagerFactory for persistence unit 'default'
2020-10-27 21:58:17.592  INFO 97938 --- [    Test worker] c.e.a.p.TeamPersistenceAdapterTest       : Started TeamPersistenceAdapterTest in 0.415 seconds (JVM running for 4.41)
2020-10-27 21:58:17.597  INFO 97938 --- [    Test worker] o.s.t.c.transaction.TransactionContext   : Began transaction (1) for test context [DefaultTestContext@54dc3684 testClass = TeamPersistenceAdapterTest, testInstance = com.equipazo.adapter.persistence.TeamPersistenceAdapterTest@4ed39cd9, testMethod = saveTeam@TeamPersistenceAdapterTest, testException = [null], mergedContextConfiguration = [MergedContextConfiguration@114cff08 testClass = TeamPersistenceAdapterTest, locations = '{}', classes = '{class com.equipazo.adapter.persistence.TestApplication}', contextInitializerClasses = '[]', activeProfiles = '{}', propertySourceLocations = '{}', propertySourceProperties = '{org.springframework.boot.test.autoconfigure.orm.jpa.DataJpaTestContextBootstrapper=true}', contextCustomizers = set[de.adesso.junitinsights.spring.BenchmarkContextCustomizerFactory$createContextCustomizer$1@213917a8, org.springframework.boot.test.autoconfigure.OverrideAutoConfigurationContextCustomizerFactory$DisableAutoConfigurationContextCustomizer@178ca493, org.springframework.boot.test.autoconfigure.filter.TypeExcludeFiltersContextCustomizer@351584c0, org.springframework.boot.test.autoconfigure.properties.PropertyMappingContextCustomizer@2609fd80, org.springframework.boot.test.autoconfigure.web.servlet.WebDriverContextCustomizerFactory$Customizer@7e2211, [ImportsContextCustomizer@10d393fd key = [com.equipazo.adapter.persistence.TeamPersistenceAdapter, com.equipazo.adapter.persistence.TeamMapper, org.springframework.boot.autoconfigure.cache.CacheAutoConfiguration, org.springframework.boot.autoconfigure.data.jpa.JpaRepositoriesAutoConfiguration, org.springframework.boot.autoconfigure.flyway.FlywayAutoConfiguration, org.springframework.boot.autoconfigure.jdbc.DataSourceAutoConfiguration, org.springframework.boot.autoconfigure.jdbc.DataSourceTransactionManagerAutoConfiguration, org.springframework.boot.autoconfigure.jdbc.JdbcTemplateAutoConfiguration, org.springframework.boot.autoconfigure.liquibase.LiquibaseAutoConfiguration, org.springframework.boot.autoconfigure.orm.jpa.HibernateJpaAutoConfiguration, org.springframework.boot.autoconfigure.transaction.TransactionAutoConfiguration, org.springframework.boot.test.autoconfigure.jdbc.TestDatabaseAutoConfiguration, org.springframework.boot.test.autoconfigure.orm.jpa.TestEntityManagerAutoConfiguration]], org.springframework.boot.test.context.filter.ExcludeFilterContextCustomizer@610bbbe9, org.springframework.boot.test.json.DuplicateJsonObjectContextCustomizerFactory$DuplicateJsonObjectContextCustomizer@43d5d9e, org.springframework.boot.test.mock.mockito.MockitoContextCustomizer@0], contextLoader = 'org.springframework.boot.test.context.SpringBootContextLoader', parent = [null]], attributes = map[[empty]]]; transaction manager [org.springframework.orm.jpa.JpaTransactionManager@37a6efa4]; rollback [true]
Hibernate: call next value for hibernate_sequence
2020-10-27 21:58:17.601  INFO 97938 --- [    Test worker] o.h.h.i.QueryTranslatorFactoryInitiator  : HHH000397: Using ASTQueryTranslatorFactory
Hibernate: insert into team (emblem, name, id) values (?, ?, ?)
Hibernate: select count(*) as col_0_0_ from team teamjpaent0_
Hibernate: select teamjpaent0_.id as id1_0_, teamjpaent0_.emblem as emblem2_0_, teamjpaent0_.name as name3_0_ from team teamjpaent0_
2020-10-27 21:58:17.641  INFO 97938 --- [    Test worker] o.s.t.c.transaction.TransactionContext   : Rolled back transaction for test: [DefaultTestContext@54dc3684 testClass = TeamPersistenceAdapterTest, testInstance = com.equipazo.adapter.persistence.TeamPersistenceAdapterTest@4ed39cd9, testMethod = saveTeam@TeamPersistenceAdapterTest, testException = [null], mergedContextConfiguration = [MergedContextConfiguration@114cff08 testClass = TeamPersistenceAdapterTest, locations = '{}', classes = '{class com.equipazo.adapter.persistence.TestApplication}', contextInitializerClasses = '[]', activeProfiles = '{}', propertySourceLocations = '{}', propertySourceProperties = '{org.springframework.boot.test.autoconfigure.orm.jpa.DataJpaTestContextBootstrapper=true}', contextCustomizers = set[de.adesso.junitinsights.spring.BenchmarkContextCustomizerFactory$createContextCustomizer$1@213917a8, org.springframework.boot.test.autoconfigure.OverrideAutoConfigurationContextCustomizerFactory$DisableAutoConfigurationContextCustomizer@178ca493, org.springframework.boot.test.autoconfigure.filter.TypeExcludeFiltersContextCustomizer@351584c0, org.springframework.boot.test.autoconfigure.properties.PropertyMappingContextCustomizer@2609fd80, org.springframework.boot.test.autoconfigure.web.servlet.WebDriverContextCustomizerFactory$Customizer@7e2211, [ImportsContextCustomizer@10d393fd key = [com.equipazo.adapter.persistence.TeamPersistenceAdapter, com.equipazo.adapter.persistence.TeamMapper, org.springframework.boot.autoconfigure.cache.CacheAutoConfiguration, org.springframework.boot.autoconfigure.data.jpa.JpaRepositoriesAutoConfiguration, org.springframework.boot.autoconfigure.flyway.FlywayAutoConfiguration, org.springframework.boot.autoconfigure.jdbc.DataSourceAutoConfiguration, org.springframework.boot.autoconfigure.jdbc.DataSourceTransactionManagerAutoConfiguration, org.springframework.boot.autoconfigure.jdbc.JdbcTemplateAutoConfiguration, org.springframework.boot.autoconfigure.liquibase.LiquibaseAutoConfiguration, org.springframework.boot.autoconfigure.orm.jpa.HibernateJpaAutoConfiguration, org.springframework.boot.autoconfigure.transaction.TransactionAutoConfiguration, org.springframework.boot.test.autoconfigure.jdbc.TestDatabaseAutoConfiguration, org.springframework.boot.test.autoconfigure.orm.jpa.TestEntityManagerAutoConfiguration]], org.springframework.boot.test.context.filter.ExcludeFilterContextCustomizer@610bbbe9, org.springframework.boot.test.json.DuplicateJsonObjectContextCustomizerFactory$DuplicateJsonObjectContextCustomizer@43d5d9e, org.springframework.boot.test.mock.mockito.MockitoContextCustomizer@0], contextLoader = 'org.springframework.boot.test.context.SpringBootContextLoader', parent = [null]], attributes = map[[empty]]]
]]></system-out>
  <system-err><![CDATA[]]></system-err>
</testsuite>
