<?xml version="1.0" encoding="UTF-8"?>
<testsuite name="com.equipazo.adapter.persistence.TeamPersistenceAdapterTest" tests="1" skipped="0" failures="0" errors="0" timestamp="2023-01-29T13:47:51" hostname="taloMac" time="0.048">
  <properties/>
  <testcase name="saveTeam()" classname="com.equipazo.adapter.persistence.TeamPersistenceAdapterTest" time="0.048"/>
  <system-out><![CDATA[2023-01-30 00:47:50.672  INFO 53319 --- [    Test worker] b.t.a.o.j.DataJpaTestContextBootstrapper : Neither @ContextConfiguration nor @ContextHierarchy found for test class [com.equipazo.adapter.persistence.TeamPersistenceAdapterTest], using SpringBootContextLoader
2023-01-30 00:47:50.673  INFO 53319 --- [    Test worker] o.s.t.c.support.AbstractContextLoader    : Could not detect default resource locations for test class [com.equipazo.adapter.persistence.TeamPersistenceAdapterTest]: no resource found for suffixes {-context.xml, Context.groovy}.
2023-01-30 00:47:50.673  INFO 53319 --- [    Test worker] t.c.s.AnnotationConfigContextLoaderUtils : Could not detect default configuration classes for test class [com.equipazo.adapter.persistence.TeamPersistenceAdapterTest]: TeamPersistenceAdapterTest does not declare any static, non-private, non-final, nested classes annotated with @Configuration.
2023-01-30 00:47:50.679  INFO 53319 --- [    Test worker] .b.t.c.SpringBootTestContextBootstrapper : Found @SpringBootConfiguration com.equipazo.adapter.persistence.TestApplication for test class com.equipazo.adapter.persistence.TeamPersistenceAdapterTest
2023-01-30 00:47:50.679  INFO 53319 --- [    Test worker] b.t.a.o.j.DataJpaTestContextBootstrapper : Loaded default TestExecutionListener class names from location [META-INF/spring.factories]: [org.springframework.boot.test.autoconfigure.restdocs.RestDocsTestExecutionListener, org.springframework.boot.test.autoconfigure.web.client.MockRestServiceServerResetTestExecutionListener, org.springframework.boot.test.autoconfigure.web.servlet.MockMvcPrintOnlyOnFailureTestExecutionListener, org.springframework.boot.test.autoconfigure.web.servlet.WebDriverTestExecutionListener, org.springframework.boot.test.mock.mockito.MockitoTestExecutionListener, org.springframework.boot.test.mock.mockito.ResetMocksTestExecutionListener, org.springframework.test.context.web.ServletTestExecutionListener, org.springframework.test.context.support.DirtiesContextBeforeModesTestExecutionListener, org.springframework.test.context.support.DependencyInjectionTestExecutionListener, org.springframework.test.context.support.DirtiesContextTestExecutionListener, org.springframework.test.context.transaction.TransactionalTestExecutionListener, org.springframework.test.context.jdbc.SqlScriptsTestExecutionListener]
2023-01-30 00:47:50.680  INFO 53319 --- [    Test worker] b.t.a.o.j.DataJpaTestContextBootstrapper : Using TestExecutionListeners: [org.springframework.test.context.web.ServletTestExecutionListener@586ec0bb, org.springframework.test.context.support.DirtiesContextBeforeModesTestExecutionListener@609ae424, org.springframework.boot.test.mock.mockito.MockitoTestExecutionListener@523be0f2, org.springframework.boot.test.autoconfigure.SpringBootDependencyInjectionTestExecutionListener@13082ac4, org.springframework.test.context.support.DirtiesContextTestExecutionListener@3dcd5b06, org.springframework.test.context.transaction.TransactionalTestExecutionListener@a41335f, org.springframework.test.context.jdbc.SqlScriptsTestExecutionListener@7f06e95, org.springframework.boot.test.autoconfigure.restdocs.RestDocsTestExecutionListener@55fc3aa5, org.springframework.boot.test.autoconfigure.web.client.MockRestServiceServerResetTestExecutionListener@23e4e77, org.springframework.boot.test.autoconfigure.web.servlet.MockMvcPrintOnlyOnFailureTestExecutionListener@1664ea4, org.springframework.boot.test.autoconfigure.web.servlet.WebDriverTestExecutionListener@5660cdb, org.springframework.boot.test.mock.mockito.ResetMocksTestExecutionListener@31fb27c0]

  .   ____          _            __ _ _
 /\\ / ___'_ __ _ _(_)_ __  __ _ \ \ \ \
( ( )\___ | '_ | '_| | '_ \/ _` | \ \ \ \
 \\/  ___)| |_)| | | | | || (_| |  ) ) ) )
  '  |____| .__|_| |_|_| |_\__, | / / / /
 =========|_|==============|___/=/_/_/_/
 :: Spring Boot ::        (v2.1.9.RELEASE)

2023-01-30 00:47:50.705  INFO 53319 --- [    Test worker] c.e.a.p.TeamPersistenceAdapterTest       : Starting TeamPersistenceAdapterTest on taloMac with PID 53319 (started by gurroz in /Users/gurroz/Workspace/equipazo-backend/adapters/persistence)
2023-01-30 00:47:50.706  INFO 53319 --- [    Test worker] c.e.a.p.TeamPersistenceAdapterTest       : No active profile set, falling back to default profiles: default
2023-01-30 00:47:50.806  INFO 53319 --- [    Test worker] .s.d.r.c.RepositoryConfigurationDelegate : Bootstrapping Spring Data repositories in DEFAULT mode.
2023-01-30 00:47:50.819  INFO 53319 --- [    Test worker] .s.d.r.c.RepositoryConfigurationDelegate : Finished Spring Data repository scanning in 12ms. Found 4 repository interfaces.
2023-01-30 00:47:50.827  INFO 53319 --- [    Test worker] beddedDataSourceBeanFactoryPostProcessor : Replacing 'dataSource' DataSource bean with embedded version
2023-01-30 00:47:50.849  INFO 53319 --- [    Test worker] o.s.j.d.e.EmbeddedDatabaseFactory        : Starting embedded database: url='jdbc:h2:mem:d0ff816e-b273-4a1b-90ea-9d5647fae153;DB_CLOSE_DELAY=-1;DB_CLOSE_ON_EXIT=false', username='sa'
2023-01-30 00:47:50.920  INFO 53319 --- [    Test worker] o.hibernate.jpa.internal.util.LogHelper  : HHH000204: Processing PersistenceUnitInfo [
	name: default
	...]
2023-01-30 00:47:50.926  INFO 53319 --- [    Test worker] org.hibernate.dialect.Dialect            : HHH000400: Using dialect: org.hibernate.dialect.H2Dialect
Hibernate: drop table formation if exists
Hibernate: drop table team if exists
Hibernate: drop table team_member if exists
Hibernate: drop table user if exists
Hibernate: drop sequence if exists hibernate_sequence
Hibernate: create sequence hibernate_sequence start with 1 increment by 1
Hibernate: create table formation (id bigint not null, team_id bigint, primary key (id))
Hibernate: create table team (id bigint not null, emblem varchar(255), name varchar(255) not null, primary key (id))
Hibernate: create table team_member (image varchar(255), user_id bigint not null, team_id bigint not null, primary key (team_id, user_id))
Hibernate: create table user (id bigint not null, mobile varchar(255), name varchar(255), primary key (id))
Hibernate: alter table team add constraint UK_g2l9qqsoeuynt4r5ofdt1x2td unique (name)
Hibernate: alter table formation add constraint FKggfxsorxmfrh1rgxc0ragttcj foreign key (team_id) references team
Hibernate: alter table team_member add constraint FKg24qjftfifisxhilscl0vmrb1 foreign key (user_id) references user
Hibernate: alter table team_member add constraint FK9ubp79ei4tv4crd0r9n7u5i6e foreign key (team_id) references team
2023-01-30 00:47:50.974  INFO 53319 --- [    Test worker] o.h.t.schema.internal.SchemaCreatorImpl  : HHH000476: Executing import script 'org.hibernate.tool.schema.internal.exec.ScriptSourceInputNonExistentImpl@623dbfdc'
2023-01-30 00:47:50.975  INFO 53319 --- [    Test worker] j.LocalContainerEntityManagerFactoryBean : Initialized JPA EntityManagerFactory for persistence unit 'default'
2023-01-30 00:47:51.129  INFO 53319 --- [    Test worker] c.e.a.p.TeamPersistenceAdapterTest       : Started TeamPersistenceAdapterTest in 0.447 seconds (JVM running for 5.481)
2023-01-30 00:47:51.134  INFO 53319 --- [    Test worker] o.s.t.c.transaction.TransactionContext   : Began transaction (1) for test context [DefaultTestContext@5a718d87 testClass = TeamPersistenceAdapterTest, testInstance = com.equipazo.adapter.persistence.TeamPersistenceAdapterTest@4f40d886, testMethod = saveTeam@TeamPersistenceAdapterTest, testException = [null], mergedContextConfiguration = [MergedContextConfiguration@c133019 testClass = TeamPersistenceAdapterTest, locations = '{}', classes = '{class com.equipazo.adapter.persistence.TestApplication}', contextInitializerClasses = '[]', activeProfiles = '{}', propertySourceLocations = '{}', propertySourceProperties = '{org.springframework.boot.test.autoconfigure.orm.jpa.DataJpaTestContextBootstrapper=true}', contextCustomizers = set[de.adesso.junitinsights.spring.BenchmarkContextCustomizerFactory$createContextCustomizer$1@72c6e290, org.springframework.boot.test.autoconfigure.OverrideAutoConfigurationContextCustomizerFactory$DisableAutoConfigurationContextCustomizer@16ea25e7, org.springframework.boot.test.autoconfigure.filter.TypeExcludeFiltersContextCustomizer@351584c0, org.springframework.boot.test.autoconfigure.properties.PropertyMappingContextCustomizer@31120f87, org.springframework.boot.test.autoconfigure.web.servlet.WebDriverContextCustomizerFactory$Customizer@16219116, [ImportsContextCustomizer@237dec6b key = [com.equipazo.adapter.persistence.TeamPersistenceAdapter, com.equipazo.adapter.persistence.TeamMapper, org.springframework.boot.autoconfigure.cache.CacheAutoConfiguration, org.springframework.boot.autoconfigure.data.jpa.JpaRepositoriesAutoConfiguration, org.springframework.boot.autoconfigure.flyway.FlywayAutoConfiguration, org.springframework.boot.autoconfigure.jdbc.DataSourceAutoConfiguration, org.springframework.boot.autoconfigure.jdbc.DataSourceTransactionManagerAutoConfiguration, org.springframework.boot.autoconfigure.jdbc.JdbcTemplateAutoConfiguration, org.springframework.boot.autoconfigure.liquibase.LiquibaseAutoConfiguration, org.springframework.boot.autoconfigure.orm.jpa.HibernateJpaAutoConfiguration, org.springframework.boot.autoconfigure.transaction.TransactionAutoConfiguration, org.springframework.boot.test.autoconfigure.jdbc.TestDatabaseAutoConfiguration, org.springframework.boot.test.autoconfigure.orm.jpa.TestEntityManagerAutoConfiguration]], org.springframework.boot.test.context.filter.ExcludeFilterContextCustomizer@3cda8a6, org.springframework.boot.test.json.DuplicateJsonObjectContextCustomizerFactory$DuplicateJsonObjectContextCustomizer@68cd2d36, org.springframework.boot.test.mock.mockito.MockitoContextCustomizer@0], contextLoader = 'org.springframework.boot.test.context.SpringBootContextLoader', parent = [null]], attributes = map[[empty]]]; transaction manager [org.springframework.orm.jpa.JpaTransactionManager@5cd122f1]; rollback [true]
Hibernate: call next value for hibernate_sequence
2023-01-30 00:47:51.138  INFO 53319 --- [    Test worker] o.h.h.i.QueryTranslatorFactoryInitiator  : HHH000397: Using ASTQueryTranslatorFactory
Hibernate: insert into team (emblem, name, id) values (?, ?, ?)
Hibernate: select count(*) as col_0_0_ from team teamjpaent0_
Hibernate: select teamjpaent0_.id as id1_1_, teamjpaent0_.emblem as emblem2_1_, teamjpaent0_.name as name3_1_ from team teamjpaent0_
2023-01-30 00:47:51.179  INFO 53319 --- [    Test worker] o.s.t.c.transaction.TransactionContext   : Rolled back transaction for test: [DefaultTestContext@5a718d87 testClass = TeamPersistenceAdapterTest, testInstance = com.equipazo.adapter.persistence.TeamPersistenceAdapterTest@4f40d886, testMethod = saveTeam@TeamPersistenceAdapterTest, testException = [null], mergedContextConfiguration = [MergedContextConfiguration@c133019 testClass = TeamPersistenceAdapterTest, locations = '{}', classes = '{class com.equipazo.adapter.persistence.TestApplication}', contextInitializerClasses = '[]', activeProfiles = '{}', propertySourceLocations = '{}', propertySourceProperties = '{org.springframework.boot.test.autoconfigure.orm.jpa.DataJpaTestContextBootstrapper=true}', contextCustomizers = set[de.adesso.junitinsights.spring.BenchmarkContextCustomizerFactory$createContextCustomizer$1@72c6e290, org.springframework.boot.test.autoconfigure.OverrideAutoConfigurationContextCustomizerFactory$DisableAutoConfigurationContextCustomizer@16ea25e7, org.springframework.boot.test.autoconfigure.filter.TypeExcludeFiltersContextCustomizer@351584c0, org.springframework.boot.test.autoconfigure.properties.PropertyMappingContextCustomizer@31120f87, org.springframework.boot.test.autoconfigure.web.servlet.WebDriverContextCustomizerFactory$Customizer@16219116, [ImportsContextCustomizer@237dec6b key = [com.equipazo.adapter.persistence.TeamPersistenceAdapter, com.equipazo.adapter.persistence.TeamMapper, org.springframework.boot.autoconfigure.cache.CacheAutoConfiguration, org.springframework.boot.autoconfigure.data.jpa.JpaRepositoriesAutoConfiguration, org.springframework.boot.autoconfigure.flyway.FlywayAutoConfiguration, org.springframework.boot.autoconfigure.jdbc.DataSourceAutoConfiguration, org.springframework.boot.autoconfigure.jdbc.DataSourceTransactionManagerAutoConfiguration, org.springframework.boot.autoconfigure.jdbc.JdbcTemplateAutoConfiguration, org.springframework.boot.autoconfigure.liquibase.LiquibaseAutoConfiguration, org.springframework.boot.autoconfigure.orm.jpa.HibernateJpaAutoConfiguration, org.springframework.boot.autoconfigure.transaction.TransactionAutoConfiguration, org.springframework.boot.test.autoconfigure.jdbc.TestDatabaseAutoConfiguration, org.springframework.boot.test.autoconfigure.orm.jpa.TestEntityManagerAutoConfiguration]], org.springframework.boot.test.context.filter.ExcludeFilterContextCustomizer@3cda8a6, org.springframework.boot.test.json.DuplicateJsonObjectContextCustomizerFactory$DuplicateJsonObjectContextCustomizer@68cd2d36, org.springframework.boot.test.mock.mockito.MockitoContextCustomizer@0], contextLoader = 'org.springframework.boot.test.context.SpringBootContextLoader', parent = [null]], attributes = map[[empty]]]
]]></system-out>
  <system-err><![CDATA[]]></system-err>
</testsuite>
