<?xml version="1.0" encoding="UTF-8"?>
<testsuite name="com.equipazo.adapter.persistence.TeamPersistenceAdapterTest" tests="1" skipped="0" failures="0" errors="0" timestamp="2020-09-06T13:23:06" hostname="taloMac" time="0.308">
  <properties/>
  <testcase name="updatesActivities()" classname="com.equipazo.adapter.persistence.TeamPersistenceAdapterTest" time="0.308"/>
  <system-out><![CDATA[23:23:03.927 [Test worker] DEBUG org.springframework.test.context.BootstrapUtils - Instantiating CacheAwareContextLoaderDelegate from class [org.springframework.test.context.cache.DefaultCacheAwareContextLoaderDelegate]
23:23:03.940 [Test worker] DEBUG org.springframework.test.context.BootstrapUtils - Instantiating BootstrapContext using constructor [public org.springframework.test.context.support.DefaultBootstrapContext(java.lang.Class,org.springframework.test.context.CacheAwareContextLoaderDelegate)]
23:23:03.954 [Test worker] DEBUG org.springframework.test.context.BootstrapUtils - Instantiating TestContextBootstrapper for test class [com.equipazo.adapter.persistence.TeamPersistenceAdapterTest] from class [org.springframework.boot.test.autoconfigure.orm.jpa.DataJpaTestContextBootstrapper]
23:23:03.962 [Test worker] INFO org.springframework.boot.test.autoconfigure.orm.jpa.DataJpaTestContextBootstrapper - Neither @ContextConfiguration nor @ContextHierarchy found for test class [com.equipazo.adapter.persistence.TeamPersistenceAdapterTest], using SpringBootContextLoader
23:23:03.965 [Test worker] DEBUG org.springframework.test.context.support.AbstractContextLoader - Did not detect default resource location for test class [com.equipazo.adapter.persistence.TeamPersistenceAdapterTest]: class path resource [com/equipazo/adapter/persistence/TeamPersistenceAdapterTest-context.xml] does not exist
23:23:03.965 [Test worker] DEBUG org.springframework.test.context.support.AbstractContextLoader - Did not detect default resource location for test class [com.equipazo.adapter.persistence.TeamPersistenceAdapterTest]: class path resource [com/equipazo/adapter/persistence/TeamPersistenceAdapterTestContext.groovy] does not exist
23:23:03.966 [Test worker] INFO org.springframework.test.context.support.AbstractContextLoader - Could not detect default resource locations for test class [com.equipazo.adapter.persistence.TeamPersistenceAdapterTest]: no resource found for suffixes {-context.xml, Context.groovy}.
23:23:03.967 [Test worker] INFO org.springframework.test.context.support.AnnotationConfigContextLoaderUtils - Could not detect default configuration classes for test class [com.equipazo.adapter.persistence.TeamPersistenceAdapterTest]: TeamPersistenceAdapterTest does not declare any static, non-private, non-final, nested classes annotated with @Configuration.
23:23:04.026 [Test worker] DEBUG org.springframework.test.context.support.ActiveProfilesUtils - Could not find an 'annotation declaring class' for annotation type [org.springframework.test.context.ActiveProfiles] and class [com.equipazo.adapter.persistence.TeamPersistenceAdapterTest]
23:23:04.063 [Test worker] DEBUG org.springframework.context.annotation.ClassPathScanningCandidateComponentProvider - Identified candidate component class: file [/Users/gurroz/Workspace/equipazo-backend/adapters/persistence/build/classes/java/test/com/equipazo/adapter/persistence/TestApplication.class]
23:23:04.067 [Test worker] INFO org.springframework.boot.test.context.SpringBootTestContextBootstrapper - Found @SpringBootConfiguration com.equipazo.adapter.persistence.TestApplication for test class com.equipazo.adapter.persistence.TeamPersistenceAdapterTest
23:23:04.068 [Test worker] DEBUG org.springframework.boot.test.autoconfigure.orm.jpa.DataJpaTestContextBootstrapper - @TestExecutionListeners is not present for class [com.equipazo.adapter.persistence.TeamPersistenceAdapterTest]: using defaults.
23:23:04.069 [Test worker] INFO org.springframework.boot.test.autoconfigure.orm.jpa.DataJpaTestContextBootstrapper - Loaded default TestExecutionListener class names from location [META-INF/spring.factories]: [org.springframework.boot.test.autoconfigure.restdocs.RestDocsTestExecutionListener, org.springframework.boot.test.autoconfigure.web.client.MockRestServiceServerResetTestExecutionListener, org.springframework.boot.test.autoconfigure.web.servlet.MockMvcPrintOnlyOnFailureTestExecutionListener, org.springframework.boot.test.autoconfigure.web.servlet.WebDriverTestExecutionListener, org.springframework.boot.test.mock.mockito.MockitoTestExecutionListener, org.springframework.boot.test.mock.mockito.ResetMocksTestExecutionListener, org.springframework.test.context.web.ServletTestExecutionListener, org.springframework.test.context.support.DirtiesContextBeforeModesTestExecutionListener, org.springframework.test.context.support.DependencyInjectionTestExecutionListener, org.springframework.test.context.support.DirtiesContextTestExecutionListener, org.springframework.test.context.transaction.TransactionalTestExecutionListener, org.springframework.test.context.jdbc.SqlScriptsTestExecutionListener]
23:23:04.082 [Test worker] INFO org.springframework.boot.test.autoconfigure.orm.jpa.DataJpaTestContextBootstrapper - Using TestExecutionListeners: [org.springframework.test.context.web.ServletTestExecutionListener@7cdf1d81, org.springframework.test.context.support.DirtiesContextBeforeModesTestExecutionListener@240f42d, org.springframework.boot.test.mock.mockito.MockitoTestExecutionListener@46698862, org.springframework.boot.test.autoconfigure.SpringBootDependencyInjectionTestExecutionListener@544e1707, org.springframework.test.context.support.DirtiesContextTestExecutionListener@50f92b1a, org.springframework.test.context.transaction.TransactionalTestExecutionListener@551d5cb4, org.springframework.test.context.jdbc.SqlScriptsTestExecutionListener@5fbde4ed, org.springframework.boot.test.autoconfigure.restdocs.RestDocsTestExecutionListener@7bef2632, org.springframework.boot.test.autoconfigure.web.client.MockRestServiceServerResetTestExecutionListener@62d773ae, org.springframework.boot.test.autoconfigure.web.servlet.MockMvcPrintOnlyOnFailureTestExecutionListener@5d906bbc, org.springframework.boot.test.autoconfigure.web.servlet.WebDriverTestExecutionListener@6d3a766f, org.springframework.boot.test.mock.mockito.ResetMocksTestExecutionListener@6fe6134c]
23:23:04.086 [Test worker] DEBUG org.springframework.test.context.support.AbstractDirtiesContextTestExecutionListener - Before test class: context [DefaultTestContext@1bc40d8e testClass = TeamPersistenceAdapterTest, testInstance = [null], testMethod = [null], testException = [null], mergedContextConfiguration = [MergedContextConfiguration@35861dfe testClass = TeamPersistenceAdapterTest, locations = '{}', classes = '{class com.equipazo.adapter.persistence.TestApplication}', contextInitializerClasses = '[]', activeProfiles = '{}', propertySourceLocations = '{}', propertySourceProperties = '{org.springframework.boot.test.autoconfigure.orm.jpa.DataJpaTestContextBootstrapper=true}', contextCustomizers = set[de.adesso.junitinsights.spring.BenchmarkContextCustomizerFactory$createContextCustomizer$1@176f2981, org.springframework.boot.test.autoconfigure.OverrideAutoConfigurationContextCustomizerFactory$DisableAutoConfigurationContextCustomizer@3c89ff24, org.springframework.boot.test.autoconfigure.filter.TypeExcludeFiltersContextCustomizer@351584c0, org.springframework.boot.test.autoconfigure.properties.PropertyMappingContextCustomizer@303aea83, org.springframework.boot.test.autoconfigure.web.servlet.WebDriverContextCustomizerFactory$Customizer@7f4642d7, [ImportsContextCustomizer@72a7d0fb key = [org.springframework.boot.autoconfigure.cache.CacheAutoConfiguration, org.springframework.boot.autoconfigure.data.jpa.JpaRepositoriesAutoConfiguration, org.springframework.boot.autoconfigure.flyway.FlywayAutoConfiguration, org.springframework.boot.autoconfigure.jdbc.DataSourceAutoConfiguration, org.springframework.boot.autoconfigure.jdbc.DataSourceTransactionManagerAutoConfiguration, org.springframework.boot.autoconfigure.jdbc.JdbcTemplateAutoConfiguration, org.springframework.boot.autoconfigure.liquibase.LiquibaseAutoConfiguration, org.springframework.boot.autoconfigure.orm.jpa.HibernateJpaAutoConfiguration, org.springframework.boot.autoconfigure.transaction.TransactionAutoConfiguration, org.springframework.boot.test.autoconfigure.jdbc.TestDatabaseAutoConfiguration, org.springframework.boot.test.autoconfigure.orm.jpa.TestEntityManagerAutoConfiguration, com.equipazo.adapter.persistence.TeamPersistenceAdapter, com.equipazo.adapter.persistence.TeamMapper]], org.springframework.boot.test.context.filter.ExcludeFilterContextCustomizer@24c7f5f4, org.springframework.boot.test.json.DuplicateJsonObjectContextCustomizerFactory$DuplicateJsonObjectContextCustomizer@7de599, org.springframework.boot.test.mock.mockito.MockitoContextCustomizer@0], contextLoader = 'org.springframework.boot.test.context.SpringBootContextLoader', parent = [null]], attributes = map[[empty]]], class annotated with @DirtiesContext [false] with mode [null].
23:23:04.092 [Test worker] DEBUG org.springframework.test.context.support.DependencyInjectionTestExecutionListener - Performing dependency injection for test context [[DefaultTestContext@1bc40d8e testClass = TeamPersistenceAdapterTest, testInstance = com.equipazo.adapter.persistence.TeamPersistenceAdapterTest@213bec4, testMethod = [null], testException = [null], mergedContextConfiguration = [MergedContextConfiguration@35861dfe testClass = TeamPersistenceAdapterTest, locations = '{}', classes = '{class com.equipazo.adapter.persistence.TestApplication}', contextInitializerClasses = '[]', activeProfiles = '{}', propertySourceLocations = '{}', propertySourceProperties = '{org.springframework.boot.test.autoconfigure.orm.jpa.DataJpaTestContextBootstrapper=true}', contextCustomizers = set[de.adesso.junitinsights.spring.BenchmarkContextCustomizerFactory$createContextCustomizer$1@176f2981, org.springframework.boot.test.autoconfigure.OverrideAutoConfigurationContextCustomizerFactory$DisableAutoConfigurationContextCustomizer@3c89ff24, org.springframework.boot.test.autoconfigure.filter.TypeExcludeFiltersContextCustomizer@351584c0, org.springframework.boot.test.autoconfigure.properties.PropertyMappingContextCustomizer@303aea83, org.springframework.boot.test.autoconfigure.web.servlet.WebDriverContextCustomizerFactory$Customizer@7f4642d7, [ImportsContextCustomizer@72a7d0fb key = [org.springframework.boot.autoconfigure.cache.CacheAutoConfiguration, org.springframework.boot.autoconfigure.data.jpa.JpaRepositoriesAutoConfiguration, org.springframework.boot.autoconfigure.flyway.FlywayAutoConfiguration, org.springframework.boot.autoconfigure.jdbc.DataSourceAutoConfiguration, org.springframework.boot.autoconfigure.jdbc.DataSourceTransactionManagerAutoConfiguration, org.springframework.boot.autoconfigure.jdbc.JdbcTemplateAutoConfiguration, org.springframework.boot.autoconfigure.liquibase.LiquibaseAutoConfiguration, org.springframework.boot.autoconfigure.orm.jpa.HibernateJpaAutoConfiguration, org.springframework.boot.autoconfigure.transaction.TransactionAutoConfiguration, org.springframework.boot.test.autoconfigure.jdbc.TestDatabaseAutoConfiguration, org.springframework.boot.test.autoconfigure.orm.jpa.TestEntityManagerAutoConfiguration, com.equipazo.adapter.persistence.TeamPersistenceAdapter, com.equipazo.adapter.persistence.TeamMapper]], org.springframework.boot.test.context.filter.ExcludeFilterContextCustomizer@24c7f5f4, org.springframework.boot.test.json.DuplicateJsonObjectContextCustomizerFactory$DuplicateJsonObjectContextCustomizer@7de599, org.springframework.boot.test.mock.mockito.MockitoContextCustomizer@0], contextLoader = 'org.springframework.boot.test.context.SpringBootContextLoader', parent = [null]], attributes = map[[empty]]]].
23:23:04.180 [Test worker] DEBUG org.springframework.test.context.support.TestPropertySourceUtils - Adding inlined properties to environment: {spring.jmx.enabled=false, org.springframework.boot.test.autoconfigure.orm.jpa.DataJpaTestContextBootstrapper=true, server.port=-1}

  .   ____          _            __ _ _
 /\\ / ___'_ __ _ _(_)_ __  __ _ \ \ \ \
( ( )\___ | '_ | '_| | '_ \/ _` | \ \ \ \
 \\/  ___)| |_)| | | | | || (_| |  ) ) ) )
  '  |____| .__|_| |_|_| |_\__, | / / / /
 =========|_|==============|___/=/_/_/_/
 :: Spring Boot ::        (v2.1.9.RELEASE)

2020-09-06 23:23:04.389  INFO 28431 --- [    Test worker] c.e.a.p.TeamPersistenceAdapterTest       : Starting TeamPersistenceAdapterTest on taloMac with PID 28431 (started by gurroz in /Users/gurroz/Workspace/equipazo-backend/adapters/persistence)
2020-09-06 23:23:04.393  INFO 28431 --- [    Test worker] c.e.a.p.TeamPersistenceAdapterTest       : No active profile set, falling back to default profiles: default
2020-09-06 23:23:04.746  WARN 28431 --- [kground-preinit] o.s.h.c.j.Jackson2ObjectMapperBuilder    : For Jackson Kotlin classes support please add "com.fasterxml.jackson.module:jackson-module-kotlin" to the classpath
2020-09-06 23:23:04.798  INFO 28431 --- [    Test worker] .s.d.r.c.RepositoryConfigurationDelegate : Bootstrapping Spring Data repositories in DEFAULT mode.
2020-09-06 23:23:04.865  INFO 28431 --- [    Test worker] .s.d.r.c.RepositoryConfigurationDelegate : Finished Spring Data repository scanning in 60ms. Found 1 repository interfaces.
2020-09-06 23:23:04.920  INFO 28431 --- [    Test worker] beddedDataSourceBeanFactoryPostProcessor : Replacing 'dataSource' DataSource bean with embedded version
2020-09-06 23:23:05.108  INFO 28431 --- [    Test worker] o.s.j.d.e.EmbeddedDatabaseFactory        : Starting embedded database: url='jdbc:h2:mem:5b3645d5-78c9-483c-990f-510cf519c5e9;DB_CLOSE_DELAY=-1;DB_CLOSE_ON_EXIT=false', username='sa'
2020-09-06 23:23:05.607  INFO 28431 --- [    Test worker] o.hibernate.jpa.internal.util.LogHelper  : HHH000204: Processing PersistenceUnitInfo [
	name: default
	...]
2020-09-06 23:23:05.670  INFO 28431 --- [    Test worker] org.hibernate.Version                    : HHH000412: Hibernate Core {5.3.12.Final}
2020-09-06 23:23:05.672  INFO 28431 --- [    Test worker] org.hibernate.cfg.Environment            : HHH000206: hibernate.properties not found
2020-09-06 23:23:05.831  INFO 28431 --- [    Test worker] o.hibernate.annotations.common.Version   : HCANN000001: Hibernate Commons Annotations {5.0.4.Final}
2020-09-06 23:23:05.973  INFO 28431 --- [    Test worker] org.hibernate.dialect.Dialect            : HHH000400: Using dialect: org.hibernate.dialect.H2Dialect
Hibernate: drop table team if exists
Hibernate: drop sequence if exists hibernate_sequence
Hibernate: create sequence hibernate_sequence start with 1 increment by 1
Hibernate: create table team (id bigint not null, emblem varchar(255), name varchar(255) not null, primary key (id))
Hibernate: alter table team add constraint UK_g2l9qqsoeuynt4r5ofdt1x2td unique (name)
2020-09-06 23:23:06.565  INFO 28431 --- [    Test worker] o.h.t.schema.internal.SchemaCreatorImpl  : HHH000476: Executing import script 'org.hibernate.tool.schema.internal.exec.ScriptSourceInputNonExistentImpl@2e720bb5'
2020-09-06 23:23:06.567  INFO 28431 --- [    Test worker] j.LocalContainerEntityManagerFactoryBean : Initialized JPA EntityManagerFactory for persistence unit 'default'
2020-09-06 23:23:06.941  INFO 28431 --- [    Test worker] c.e.a.p.TeamPersistenceAdapterTest       : Started TeamPersistenceAdapterTest in 2.758 seconds (JVM running for 3.67)
2020-09-06 23:23:06.960  INFO 28431 --- [    Test worker] o.s.t.c.transaction.TransactionContext   : Began transaction (1) for test context [DefaultTestContext@1bc40d8e testClass = TeamPersistenceAdapterTest, testInstance = com.equipazo.adapter.persistence.TeamPersistenceAdapterTest@213bec4, testMethod = updatesActivities@TeamPersistenceAdapterTest, testException = [null], mergedContextConfiguration = [MergedContextConfiguration@35861dfe testClass = TeamPersistenceAdapterTest, locations = '{}', classes = '{class com.equipazo.adapter.persistence.TestApplication}', contextInitializerClasses = '[]', activeProfiles = '{}', propertySourceLocations = '{}', propertySourceProperties = '{org.springframework.boot.test.autoconfigure.orm.jpa.DataJpaTestContextBootstrapper=true}', contextCustomizers = set[de.adesso.junitinsights.spring.BenchmarkContextCustomizerFactory$createContextCustomizer$1@176f2981, org.springframework.boot.test.autoconfigure.OverrideAutoConfigurationContextCustomizerFactory$DisableAutoConfigurationContextCustomizer@3c89ff24, org.springframework.boot.test.autoconfigure.filter.TypeExcludeFiltersContextCustomizer@351584c0, org.springframework.boot.test.autoconfigure.properties.PropertyMappingContextCustomizer@303aea83, org.springframework.boot.test.autoconfigure.web.servlet.WebDriverContextCustomizerFactory$Customizer@7f4642d7, [ImportsContextCustomizer@72a7d0fb key = [org.springframework.boot.autoconfigure.cache.CacheAutoConfiguration, org.springframework.boot.autoconfigure.data.jpa.JpaRepositoriesAutoConfiguration, org.springframework.boot.autoconfigure.flyway.FlywayAutoConfiguration, org.springframework.boot.autoconfigure.jdbc.DataSourceAutoConfiguration, org.springframework.boot.autoconfigure.jdbc.DataSourceTransactionManagerAutoConfiguration, org.springframework.boot.autoconfigure.jdbc.JdbcTemplateAutoConfiguration, org.springframework.boot.autoconfigure.liquibase.LiquibaseAutoConfiguration, org.springframework.boot.autoconfigure.orm.jpa.HibernateJpaAutoConfiguration, org.springframework.boot.autoconfigure.transaction.TransactionAutoConfiguration, org.springframework.boot.test.autoconfigure.jdbc.TestDatabaseAutoConfiguration, org.springframework.boot.test.autoconfigure.orm.jpa.TestEntityManagerAutoConfiguration, com.equipazo.adapter.persistence.TeamPersistenceAdapter, com.equipazo.adapter.persistence.TeamMapper]], org.springframework.boot.test.context.filter.ExcludeFilterContextCustomizer@24c7f5f4, org.springframework.boot.test.json.DuplicateJsonObjectContextCustomizerFactory$DuplicateJsonObjectContextCustomizer@7de599, org.springframework.boot.test.mock.mockito.MockitoContextCustomizer@0], contextLoader = 'org.springframework.boot.test.context.SpringBootContextLoader', parent = [null]], attributes = map[[empty]]]; transaction manager [org.springframework.orm.jpa.JpaTransactionManager@b44a865]; rollback [true]
Hibernate: call next value for hibernate_sequence
2020-09-06 23:23:07.028  INFO 28431 --- [    Test worker] o.h.h.i.QueryTranslatorFactoryInitiator  : HHH000397: Using ASTQueryTranslatorFactory
Hibernate: insert into team (emblem, name, id) values (?, ?, ?)
Hibernate: select count(*) as col_0_0_ from team teamjpaent0_
Hibernate: select teamjpaent0_.id as id1_0_, teamjpaent0_.emblem as emblem2_0_, teamjpaent0_.name as name3_0_ from team teamjpaent0_
2020-09-06 23:23:07.251  INFO 28431 --- [    Test worker] o.s.t.c.transaction.TransactionContext   : Rolled back transaction for test: [DefaultTestContext@1bc40d8e testClass = TeamPersistenceAdapterTest, testInstance = com.equipazo.adapter.persistence.TeamPersistenceAdapterTest@213bec4, testMethod = updatesActivities@TeamPersistenceAdapterTest, testException = [null], mergedContextConfiguration = [MergedContextConfiguration@35861dfe testClass = TeamPersistenceAdapterTest, locations = '{}', classes = '{class com.equipazo.adapter.persistence.TestApplication}', contextInitializerClasses = '[]', activeProfiles = '{}', propertySourceLocations = '{}', propertySourceProperties = '{org.springframework.boot.test.autoconfigure.orm.jpa.DataJpaTestContextBootstrapper=true}', contextCustomizers = set[de.adesso.junitinsights.spring.BenchmarkContextCustomizerFactory$createContextCustomizer$1@176f2981, org.springframework.boot.test.autoconfigure.OverrideAutoConfigurationContextCustomizerFactory$DisableAutoConfigurationContextCustomizer@3c89ff24, org.springframework.boot.test.autoconfigure.filter.TypeExcludeFiltersContextCustomizer@351584c0, org.springframework.boot.test.autoconfigure.properties.PropertyMappingContextCustomizer@303aea83, org.springframework.boot.test.autoconfigure.web.servlet.WebDriverContextCustomizerFactory$Customizer@7f4642d7, [ImportsContextCustomizer@72a7d0fb key = [org.springframework.boot.autoconfigure.cache.CacheAutoConfiguration, org.springframework.boot.autoconfigure.data.jpa.JpaRepositoriesAutoConfiguration, org.springframework.boot.autoconfigure.flyway.FlywayAutoConfiguration, org.springframework.boot.autoconfigure.jdbc.DataSourceAutoConfiguration, org.springframework.boot.autoconfigure.jdbc.DataSourceTransactionManagerAutoConfiguration, org.springframework.boot.autoconfigure.jdbc.JdbcTemplateAutoConfiguration, org.springframework.boot.autoconfigure.liquibase.LiquibaseAutoConfiguration, org.springframework.boot.autoconfigure.orm.jpa.HibernateJpaAutoConfiguration, org.springframework.boot.autoconfigure.transaction.TransactionAutoConfiguration, org.springframework.boot.test.autoconfigure.jdbc.TestDatabaseAutoConfiguration, org.springframework.boot.test.autoconfigure.orm.jpa.TestEntityManagerAutoConfiguration, com.equipazo.adapter.persistence.TeamPersistenceAdapter, com.equipazo.adapter.persistence.TeamMapper]], org.springframework.boot.test.context.filter.ExcludeFilterContextCustomizer@24c7f5f4, org.springframework.boot.test.json.DuplicateJsonObjectContextCustomizerFactory$DuplicateJsonObjectContextCustomizer@7de599, org.springframework.boot.test.mock.mockito.MockitoContextCustomizer@0], contextLoader = 'org.springframework.boot.test.context.SpringBootContextLoader', parent = [null]], attributes = map[[empty]]]
]]></system-out>
  <system-err><![CDATA[]]></system-err>
</testsuite>
